<?xml version="1.0" encoding="UTF-8"?>
<!-- Generated by org.testng.reporters.JUnitReportReporter -->
<testsuite skipped="0" hostname="LAPTOP-P7F9PELU" name="com.crm.qa.testcases.LoginPageTest" tests="3" failures="0" timestamp="2021-02-06T16:51:13 IST" time="104.252" errors="0">
  <testcase name="loginPageTitleTest" time="19.688" classname="com.crm.qa.testcases.LoginPageTest"/>
  <system-out/>
  <testcase name="crmLogoImageTest" time="48.243" classname="com.crm.qa.testcases.LoginPageTest"/>
  <system-out/>
  <testcase name="loginTest" time="36.321" classname="com.crm.qa.testcases.LoginPageTest"/>
  <system-out/>
</testsuite> <!-- com.crm.qa.testcases.LoginPageTest -->
