<?xml version="1.0" encoding="UTF-8"?>
<!-- Generated by org.testng.reporters.JUnitReportReporter -->
<testsuite skipped="0" hostname="LAPTOP-P7F9PELU" name="com.crm.qa.testcases.ContactsPageTest" tests="1" failures="0" timestamp="2021-02-06T16:51:13 IST" time="41.291" errors="0">
  <testcase name="validateCreateNewContact" time="41.291" classname="com.crm.qa.testcases.ContactsPageTest"/>
  <system-out/>
</testsuite> <!-- com.crm.qa.testcases.ContactsPageTest -->
