<?xml version="1.0" encoding="UTF-8"?>
<!-- Generated by org.testng.reporters.JUnitReportReporter -->
<testsuite hostname="LAPTOP-P7F9PELU" name="com.crm.qa.testcases.ContactsPageTest" tests="1" failures="0" timestamp="1 Feb 2021 18:21:11 GMT" time="66.887" errors="0">
  <testcase name="validateCreateNewContact" time="66.887" classname="com.crm.qa.testcases.ContactsPageTest"/>
</testsuite> <!-- com.crm.qa.testcases.ContactsPageTest -->
