<?xml version="1.0" encoding="UTF-8"?>
<!-- Generated by org.testng.reporters.JUnitReportReporter -->
<testsuite skipped="0" hostname="LAPTOP-P7F9PELU" name="mavenacademy.Mavenjava.AppiumTest" tests="2" failures="0" timestamp="06 Feb 2021 11:07:30 GMT" time="0.016" errors="0">
  <testcase name="Ios" time="0.000" classname="mavenacademy.Mavenjava.AppiumTest"/>
  <testcase name="Android" time="0.016" classname="mavenacademy.Mavenjava.AppiumTest"/>
</testsuite> <!-- mavenacademy.Mavenjava.AppiumTest -->
