<?xml version="1.0" encoding="UTF-8"?>
<!-- Generated by org.testng.reporters.JUnitReportReporter -->
<testsuite skipped="0" hostname="LAPTOP-P7F9PELU" name="mavenacademy.Mavenjava.RestApiTest" tests="2" failures="0" timestamp="06 Feb 2021 11:07:30 GMT" time="0.000" errors="0">
  <testcase name="RestApitest" time="0.000" classname="mavenacademy.Mavenjava.RestApiTest"/>
  <testcase name="PostApi" time="0.000" classname="mavenacademy.Mavenjava.RestApiTest"/>
</testsuite> <!-- mavenacademy.Mavenjava.RestApiTest -->
