<?xml version="1.0" encoding="UTF-8"?>
<!-- Generated by org.testng.reporters.JUnitReportReporter -->
<testsuite hostname="LAPTOP-P7F9PELU" name="test.TestNgFeatures" tests="4" failures="0" timestamp="23 Jan 2021 08:04:22 GMT" time="0.000" errors="0">
  <testcase name="login" time="0.000" classname="test.TestNgFeatures"/>
  <testcase name="RegPage" time="0.000" classname="test.TestNgFeatures"/>
  <testcase name="SearchPage" time="0.000" classname="test.TestNgFeatures"/>
  <testcase name="HomePage" time="0.000" classname="test.TestNgFeatures"/>
</testsuite> <!-- test.TestNgFeatures -->
