<?xml version="1.0" encoding="UTF-8"?>
<!-- Generated by org.testng.reporters.JUnitReportReporter -->
<testsuite hostname="ELPBLR-072" failures="0" tests="9" name="test.day1" time="0.057" errors="0" timestamp="2020-12-09T19:31:04 IST" skipped="1">
  <testcase classname="test.day1" name="mydata" time="0.012"/>
  <system-out/>
  <testcase classname="test.day1" name="mydata" time="0.005"/>
  <system-out/>
  <testcase classname="test.day1" name="waitfor" time="0.027"/>
  <system-out/>
  <testcase classname="test.day1" name="printurl" time="0.001"/>
  <system-out/>
  <testcase classname="test.day1" name="Demo" time="0.004"/>
  <system-out/>
  <testcase classname="test.day1" name="mydata" time="0.002"/>
  <system-out/>
  <testcase classname="test.day1" name="Ademo" time="0.003"/>
  <system-out/>
  <testcase classname="test.day1" name="SeconTest" time="0.003"/>
  <system-out/>
  <testcase classname="test.day1" name="webpage">
    <skipped/>
  </testcase> <!-- webpage -->
  <system-out/>
</testsuite> <!-- test.day1 -->
