<?xml version="1.0" encoding="UTF-8"?>
<!-- Generated by org.testng.reporters.JUnitReportReporter -->
<testsuite hostname="LAPTOP-P7F9PELU" name="test.ExceptionTimeoutTest" tests="1" failures="0" timestamp="23 Jan 2021 08:04:22 GMT" time="0.008" errors="0">
  <testcase name="test" time="0.008" classname="test.ExceptionTimeoutTest"/>
</testsuite> <!-- test.ExceptionTimeoutTest -->
