<?xml version="1.0" encoding="UTF-8"?>
<!-- Generated by org.testng.reporters.JUnitReportReporter -->
<testsuite hostname="ELPBLR-072" failures="0" tests="1" name="test.day2" time="0.012" errors="0" timestamp="2020-12-09T19:31:04 IST" skipped="0">
  <testcase classname="test.day2" name="ploan" time="0.012"/>
  <system-out/>
</testsuite> <!-- test.day2 -->
