<?xml version="1.0" encoding="UTF-8"?>
<!-- Generated by org.testng.reporters.JUnitReportReporter -->
<testsuite hostname="LAPTOP-P7F9PELU" name="test.GoogleTest" tests="6" failures="0" timestamp="23 Jan 2021 08:04:22 GMT" time="63.976" errors="0">
  <testcase name="googleLogoTest" time="10.681" classname="test.GoogleTest"/>
  <testcase name="test1" time="11.835" classname="test.GoogleTest"/>
  <testcase name="mailLink" time="9.498" classname="test.GoogleTest"/>
  <testcase name="googleTitleTest" time="11.570" classname="test.GoogleTest"/>
  <testcase name="test3" time="10.218" classname="test.GoogleTest"/>
  <testcase name="test2" time="10.174" classname="test.GoogleTest"/>
</testsuite> <!-- test.GoogleTest -->
