<?xml version="1.0" encoding="UTF-8"?>
<!-- Generated by org.testng.reporters.JUnitReportReporter -->
<testsuite hostname="LAPTOP-P7F9PELU" name="test.TestNgBasics" tests="3" failures="0" timestamp="23 Jan 2021 08:04:22 GMT" time="0.016" errors="0">
  <testcase name="googleTitleTest" time="0.000" classname="test.TestNgBasics"/>
  <testcase name="GoogleLogo" time="0.000" classname="test.TestNgBasics"/>
  <testcase name="Searchtext" time="0.016" classname="test.TestNgBasics"/>
</testsuite> <!-- test.TestNgBasics -->
