<?xml version="1.0" encoding="UTF-8"?>
<!-- Generated by org.testng.reporters.JUnitReportReporter -->
<testsuite hostname="LAPTOP-P7F9PELU" name="test.InvocationcountTest" tests="10" failures="0" timestamp="23 Jan 2021 08:04:22 GMT" time="0.015" errors="0">
  <testcase name="sum" time="0.000" classname="test.InvocationcountTest"/>
  <testcase name="sum" time="0.000" classname="test.InvocationcountTest"/>
  <testcase name="sum" time="0.000" classname="test.InvocationcountTest"/>
  <testcase name="sum" time="0.000" classname="test.InvocationcountTest"/>
  <testcase name="sum" time="0.000" classname="test.InvocationcountTest"/>
  <testcase name="sum" time="0.000" classname="test.InvocationcountTest"/>
  <testcase name="sum" time="0.000" classname="test.InvocationcountTest"/>
  <testcase name="sum" time="0.000" classname="test.InvocationcountTest"/>
  <testcase name="sum" time="0.015" classname="test.InvocationcountTest"/>
  <testcase name="sum" time="0.000" classname="test.InvocationcountTest"/>
</testsuite> <!-- test.InvocationcountTest -->
