<?xml version="1.0" encoding="UTF-8"?>
<!-- Generated by org.testng.reporters.JUnitReportReporter -->
<testsuite skipped="0" hostname="ELPBLR-072" name="TestCases.LoginApplication" tests="1" failures="0" timestamp="2020-12-24T22:45:18 IST" time="31.224" errors="0">
  <testcase name="login" time="31.224" classname="TestCases.LoginApplication"/>
  <system-out/>
</testsuite> <!-- TestCases.LoginApplication -->
