<?xml version="1.0" encoding="UTF-8"?>
<!-- Generated by org.testng.reporters.JUnitReportReporter -->
<testsuite skipped="0" hostname="LAPTOP-P7F9PELU" name="mavenacademy.mavenproject.AppiumTest" tests="2" failures="0" timestamp="06 Feb 2021 11:09:45 GMT" time="0.000" errors="0">
  <testcase name="Ios" time="0.000" classname="mavenacademy.mavenproject.AppiumTest"/>
  <testcase name="Android" time="0.000" classname="mavenacademy.mavenproject.AppiumTest"/>
</testsuite> <!-- mavenacademy.mavenproject.AppiumTest -->
