<?xml version="1.0" encoding="UTF-8"?>
<!-- Generated by org.testng.reporters.JUnitReportReporter -->
<testsuite hostname="ELPBLR-072" failures="0" tests="1" name="mavenacademy.ExtreamReports.ExtentReportsDemo" time="22.906" errors="0" timestamp="2020-12-21T22:54:30 IST" skipped="0">
  <testcase classname="mavenacademy.ExtreamReports.ExtentReportsDemo" name="initialDemo" time="22.906"/>
  <system-out/>
</testsuite> <!-- mavenacademy.ExtreamReports.ExtentReportsDemo -->
